2026-03-24 12:31:36 - INFO - Deleted expense: Coffee - $3.50
2026-03-24 12:33:05 - WARNING - Invalid delete index: 8
2026-03-24 12:33:23 - INFO - Added expense: Coffee - $3.50 in category 'Beverages'
2026-03-24 12:34:27 - INFO - Added expense: Milk Shake - $12.00 in category 'Smoothies'
2026-03-24 20:46:23 - DEBUG - format 'the expense tracker application is running' -> 'the expense tracker application is running'
2026-03-24 20:46:23 - DEBUG - format 'the expense store is empty' -> 'the expense store is empty'
2026-03-24 20:46:23 - DEBUG - format 'I add an expense with title "{title}", amount {amount:f}, and category "{category}"' -> 'I add an expense with title "(?P<title>.+?)", amount (?P<amount>[-+ ]?\\d*\\.\\d+), and category "(?P<category>.+?)"'
2026-03-24 20:46:23 - DEBUG - format 'I try to add an expense with title "{title}", amount {amount:f}, and category "{category}"' -> 'I try to add an expense with title "(?P<title>.+?)", amount (?P<amount>[-+ ]?\\d*\\.\\d+), and category "(?P<category>.+?)"'
2026-03-24 20:46:23 - DEBUG - format 'I try to add an expense with title "{title}", amount {amount}, and category "{category}"' -> 'I try to add an expense with title "(?P<title>.+?)", amount (?P<amount>.+?), and category "(?P<category>.+?)"'
2026-03-24 20:46:23 - DEBUG - format 'I try to add an expense with title "", amount {amount:f}, and category "{category}"' -> 'I try to add an expense with title "", amount (?P<amount>[-+ ]?\\d*\\.\\d+), and category "(?P<category>.+?)"'
2026-03-24 20:46:23 - DEBUG - format 'I try to add an expense with title "{title}", amount {amount:f}, and category ""' -> 'I try to add an expense with title "(?P<title>.+?)", amount (?P<amount>[-+ ]?\\d*\\.\\d+), and category ""'
2026-03-24 20:46:23 - DEBUG - format 'I have added an expense with title "{title}", amount {amount:f}, and category "{category}"' -> 'I have added an expense with title "(?P<title>.+?)", amount (?P<amount>[-+ ]?\\d*\\.\\d+), and category "(?P<category>.+?)"'
2026-03-24 20:46:23 - DEBUG - format 'the application is restarted' -> 'the application is restarted'
2026-03-24 20:46:23 - DEBUG - format 'the expense should be saved to "{filepath}"' -> 'the expense should be saved to "(?P<filepath>.+?)"'
2026-03-24 20:46:23 - DEBUG - format 'the expense list should contain an entry with title "{title}", amount {amount:f}, category "{category}"' -> 'the expense list should contain an entry with title "(?P<title>.+?)", amount (?P<amount>[-+ ]?\\d*\\.\\d+), category "(?P<category>.+?)"'
2026-03-24 20:46:23 - DEBUG - format 'an INFO log entry "{message}" should be written to "{filepath}"' -> 'an INFO log entry "(?P<message>.+?)" should be written to "(?P<filepath>.+?)"'
2026-03-24 20:46:23 - DEBUG - format 'the application should raise an error "{error_message}"' -> 'the application should raise an error "(?P<error_message>.+?)"'
2026-03-24 20:46:23 - DEBUG - format 'no expense should be saved to "{filepath}"' -> 'no expense should be saved to "(?P<filepath>.+?)"'
2026-03-24 20:46:23 - DEBUG - format 'the application should not crash' -> 'the application should not crash'
2026-03-24 20:46:23 - DEBUG - format 'the expense list should still contain an entry with title "{title}", amount {amount:f}, category "{category}"' -> 'the expense list should still contain an entry with title "(?P<title>.+?)", amount (?P<amount>[-+ ]?\\d*\\.\\d+), category "(?P<category>.+?)"'
2026-03-24 20:46:23 - DEBUG - format 'the following expenses exist:' -> 'the following expenses exist:'
2026-03-24 20:46:23 - DEBUG - format 'I request to view all expenses' -> 'I request to view all expenses'
2026-03-24 20:46:23 - DEBUG - format 'each expense should be displayed in descending order of amount' -> 'each expense should be displayed in descending order of amount'
2026-03-24 20:46:23 - DEBUG - format 'the first expense should be "{title}" with amount {amount:f}' -> 'the first expense should be "(?P<title>.+?)" with amount (?P<amount>[-+ ]?\\d*\\.\\d+)'
2026-03-24 20:46:23 - DEBUG - format 'the last expense should be "{title}" with amount {amount:f}' -> 'the last expense should be "(?P<title>.+?)" with amount (?P<amount>[-+ ]?\\d*\\.\\d+)'
2026-03-24 20:46:23 - DEBUG - format 'each expense should be displayed with an index number' -> 'each expense should be displayed with an index number'
2026-03-24 20:46:23 - DEBUG - format 'the index should start from 1' -> 'the index should start from 1'
2026-03-24 20:46:23 - DEBUG - format 'the application should display an empty list message' -> 'the application should display an empty list message'
2026-03-24 20:46:23 - DEBUG - format 'I filter expenses by category "{category}"' -> 'I filter expenses by category "(?P<category>.+?)"'
2026-03-24 20:46:23 - DEBUG - format 'I filter expenses by category ""' -> 'I filter expenses by category ""'
2026-03-24 20:46:23 - DEBUG - format 'only expenses in category "{category}" should be displayed' -> 'only expenses in category "(?P<category>.+?)" should be displayed'
2026-03-24 20:46:23 - DEBUG - format 'the result should contain "{title}"' -> 'the result should contain "(?P<title>.+?)"'
2026-03-24 20:46:23 - DEBUG - format 'other categories should not be in the result' -> 'other categories should not be in the result'
2026-03-24 20:46:23 - DEBUG - format 'the results should be displayed in descending order of amount' -> 'the results should be displayed in descending order of amount'
2026-03-24 20:46:23 - DEBUG - format 'the first result should be "{title}" with amount {amount:f}' -> 'the first result should be "(?P<title>.+?)" with amount (?P<amount>[-+ ]?\\d*\\.\\d+)'
2026-03-24 20:46:23 - DEBUG - format 'the application should display a message "{message}"' -> 'the application should display a message "(?P<message>.+?)"'
2026-03-24 20:46:23 - DEBUG - format 'I delete the expense at index {index:d}' -> 'I delete the expense at index (?P<index>[-+ ]?[-+ ]?[0-9]+|[-+ ]?0[xX][0-9a-fA-F]+|[-+ ]?0[bB][01]+|[-+ ]?0[oO][0-7]+)'
2026-03-24 20:46:23 - DEBUG - format 'I try to delete the expense at index {index:d}' -> 'I try to delete the expense at index (?P<index>[-+ ]?[-+ ]?[0-9]+|[-+ ]?0[xX][0-9a-fA-F]+|[-+ ]?0[bB][01]+|[-+ ]?0[oO][0-7]+)'
2026-03-24 20:46:23 - DEBUG - format 'the expense "{title}" should be removed from the list' -> 'the expense "(?P<title>.+?)" should be removed from the list'
2026-03-24 20:46:23 - DEBUG - format 'the change should be saved to "{filepath}"' -> 'the change should be saved to "(?P<filepath>.+?)"'
2026-03-24 20:46:23 - DEBUG - format 'no expense should be deleted' -> 'no expense should be deleted'
2026-03-24 20:46:23 - DEBUG - format 'a WARNING log entry "{message}" should be written to "{filepath}"' -> 'a WARNING log entry "(?P<message>.+?)" should be written to "(?P<filepath>.+?)"'
2026-03-24 20:46:23 - DEBUG - format 'a WARNING log entry should be written to "{filepath}"' -> 'a WARNING log entry should be written to "(?P<filepath>.+?)"'
2026-03-24 20:46:23 - DEBUG - format 'the application should raise a validation error "{error_message}"' -> 'the application should raise a validation error "(?P<error_message>.+?)"'
2026-03-24 20:46:23 - DEBUG - format 'at least one expense exist:' -> 'at least one expense exist:'
2026-03-24 20:46:23 - DEBUG - format 'the user selects "{option}"' -> 'the user selects "(?P<option>.+?)"'
2026-03-24 20:46:23 - DEBUG - format 'the application should calculate the sum of all expenses' -> 'the application should calculate the sum of all expenses'
2026-03-24 20:46:23 - DEBUG - format 'display the correct numeric total {total:f}' -> 'display the correct numeric total (?P<total>[-+ ]?\\d*\\.\\d+)'
2026-03-24 20:46:23 - DEBUG - format 'the application should return a total {total:f}' -> 'the application should return a total (?P<total>[-+ ]?\\d*\\.\\d+)'
2026-03-24 20:46:23 - DEBUG - format 'the result should be a numeric value' -> 'the result should be a numeric value'
2026-03-24 20:46:23 - DEBUG - format 'the log file "{filepath}" exists' -> 'the log file "(?P<filepath>.+?)" exists'
2026-03-24 20:46:23 - DEBUG - format 'the log file does not exist' -> 'the log file does not exist'
2026-03-24 20:46:23 - DEBUG - format 'the expense tracker application is started and performs any operation that requires logging' -> 'the expense tracker application is started and performs any operation that requires logging'
2026-03-24 20:46:23 - DEBUG - format 'the log file "{filepath}" should be created automatically' -> 'the log file "(?P<filepath>.+?)" should be created automatically'
2026-03-24 20:46:23 - DEBUG - format 'the expense data file "{filepath}" exists' -> 'the expense data file "(?P<filepath>.+?)" exists'
2026-03-24 20:46:23 - DEBUG - format 'the expense "{title}" with amount {amount:f} and category "{category}" should still exist in the list of expenses' -> 'the expense "(?P<title>.+?)" with amount (?P<amount>[-+ ]?\\d*\\.\\d+) and category "(?P<category>.+?)" should still exist in the list of expenses'
2026-03-24 20:46:23 - DEBUG - format 'the amount should still be {amount:f}' -> 'the amount should still be (?P<amount>[-+ ]?\\d*\\.\\d+)'
2026-03-24 20:46:23 - DEBUG - format 'the category should still be "{category}"' -> 'the category should still be "(?P<category>.+?)"'
2026-03-24 20:46:23 - DEBUG - format 'all {count:d} expenses should still exist in the list of expenses' -> 'all (?P<count>[-+ ]?[-+ ]?[0-9]+|[-+ ]?0[xX][0-9a-fA-F]+|[-+ ]?0[bB][01]+|[-+ ]?0[oO][0-7]+) expenses should still exist in the list of expenses'
2026-03-24 20:46:23 - DEBUG - format 'only {count:d} expense should exist in the list of expenses' -> 'only (?P<count>[-+ ]?[-+ ]?[0-9]+|[-+ ]?0[xX][0-9a-fA-F]+|[-+ ]?0[bB][01]+|[-+ ]?0[oO][0-7]+) expense should exist in the list of expenses'
2026-03-24 20:46:23 - DEBUG - format 'the file "{filepath}" contains invalid JSON' -> 'the file "(?P<filepath>.+?)" contains invalid JSON'
2026-03-24 20:46:23 - DEBUG - format 'I start the application' -> 'I start the application'
2026-03-24 20:46:23 - DEBUG - format 'the system should display an appropriate error message' -> 'the system should display an appropriate error message'
2026-03-24 20:46:23 - DEBUG - format 'I add 1000 expenses to the store' -> 'I add 1000 expenses to the store'
2026-03-24 20:46:23 - DEBUG - format 'the response time should be under {threshold:d} seconds' -> 'the response time should be under (?P<threshold>[-+ ]?[-+ ]?[0-9]+|[-+ ]?0[xX][0-9a-fA-F]+|[-+ ]?0[bB][01]+|[-+ ]?0[oO][0-7]+) seconds'
2026-03-24 20:46:23 - DEBUG - format 'the main menu is displayed' -> 'the main menu is displayed'
2026-03-24 20:46:23 - DEBUG - format 'the CLI should display the following options:' -> 'the CLI should display the following options:'
2026-03-24 20:46:23 - DEBUG - format 'I enter an invalid option "{option}"' -> 'I enter an invalid option "(?P<option>.+?)"'
2026-03-24 20:46:23 - DEBUG - format 'I enter an empty menu option' -> 'I enter an empty menu option'
2026-03-24 20:46:23 - DEBUG - format 'I select menu option "{option:d}"' -> 'I select menu option "(?P<option>[-+ ]?[-+ ]?[0-9]+|[-+ ]?0[xX][0-9a-fA-F]+|[-+ ]?0[bB][01]+|[-+ ]?0[oO][0-7]+)"'
2026-03-24 20:46:23 - DEBUG - format 'the application should display "{message}"' -> 'the application should display "(?P<message>.+?)"'
2026-03-24 20:46:23 - DEBUG - format 'the main menu should be displayed again' -> 'the main menu should be displayed again'
2026-03-24 20:46:23 - DEBUG - format 'the application should terminate without errors' -> 'the application should terminate without errors'
2026-03-24 20:46:23 - INFO - Added expense: Lunch - $12.50 in category 'Food'
2026-03-24 20:46:23 - INFO - Added expense: Coffee - $3.50 in category 'Beverages'
2026-03-24 20:46:23 - INFO - Added expense: Gym Membership - $49.99 in category 'Fitness'
2026-03-24 20:46:23 - INFO - Added expense: Bus Ticket - $1.25 in category 'Transport'
2026-03-24 20:46:23 - INFO - Added expense: Rent - $1500.00 in category 'Housing'
2026-03-24 20:46:23 - INFO - Added expense: Lunch - $30.00 in category 'Food'
2026-03-24 20:46:23 - INFO - Added expense: Dinner - $3.50 in category 'Food'
2026-03-25 11:27:05 - INFO - Added expense: Tea - $2.00 in category 'Beverages'
